<?xml version="1.0" encoding="UTF-8"?>
<testng-results ignored="0" total="1" passed="1" failed="0" skipped="0">
  <reporter-output>
  </reporter-output>
  <suite started-at="2020-12-29T15:44:24 IST" name="Default suite" finished-at="2020-12-29T15:44:28 IST" duration-ms="4002">
    <groups>
    </groups>
    <test started-at="2020-12-29T15:44:24 IST" name="Default test" finished-at="2020-12-29T15:44:28 IST" duration-ms="4002">
      <class name="apiautomation.SumValidation">
        <test-method signature="sumOfCourses()[pri:0, instance:apiautomation.SumValidation@732c2a62]" started-at="2020-12-29T15:44:25 IST" name="sumOfCourses" finished-at="2020-12-29T15:44:28 IST" duration-ms="3885" status="PASS">
          <reporter-output>
          </reporter-output>
        </test-method> <!-- sumOfCourses -->
      </class> <!-- apiautomation.SumValidation -->
    </test> <!-- Default test -->
  </suite> <!-- Default suite -->
</testng-results>
